2018-03-14 00:12:40:797 [restartedMain] INFO  com.cmy.o2o.O2oApplication - Starting O2oApplication on POQ9V6ZT6KW6JQQ with PID 13764 (E:\DevelopWorkspace\java-demo\spring-leanrn\o2o-springboot\target\classes started by Administrator in E:\DevelopWorkspace\java-demo\spring-leanrn\o2o-springboot)
2018-03-14 00:12:40:875 [restartedMain] INFO  com.cmy.o2o.O2oApplication - No active profile set, falling back to default profiles: default
2018-03-14 00:12:44:879 [restartedMain] INFO  com.cmy.o2o.O2oApplication - Started O2oApplication in 4.519 seconds (JVM running for 5.864)
2018-03-14 00:12:53:376 [restartedMain] INFO  com.cmy.o2o.O2oApplication - Starting O2oApplication on POQ9V6ZT6KW6JQQ with PID 5276 (E:\DevelopWorkspace\java-demo\spring-leanrn\o2o-springboot\target\classes started by Administrator in E:\DevelopWorkspace\java-demo\spring-leanrn\o2o-springboot)
2018-03-14 00:12:53:392 [restartedMain] INFO  com.cmy.o2o.O2oApplication - No active profile set, falling back to default profiles: default
2018-03-14 00:13:57:589 [restartedMain] INFO  com.cmy.o2o.O2oApplication - Started O2oApplication in 64.759 seconds (JVM running for 66.706)
2018-03-14 00:14:32:423 [restartedMain] INFO  com.cmy.o2o.O2oApplication - Starting O2oApplication on POQ9V6ZT6KW6JQQ with PID 5276 (E:\DevelopWorkspace\java-demo\spring-leanrn\o2o-springboot\target\classes started by Administrator in E:\DevelopWorkspace\java-demo\spring-leanrn\o2o-springboot)
2018-03-14 00:14:32:423 [restartedMain] INFO  com.cmy.o2o.O2oApplication - No active profile set, falling back to default profiles: default
2018-03-14 00:14:34:838 [restartedMain] INFO  com.cmy.o2o.O2oApplication - Started O2oApplication in 2.555 seconds (JVM running for 103.955)
2018-03-14 00:14:39:999 [restartedMain] INFO  com.cmy.o2o.O2oApplication - Starting O2oApplication on POQ9V6ZT6KW6JQQ with PID 5276 (E:\DevelopWorkspace\java-demo\spring-leanrn\o2o-springboot\target\classes started by Administrator in E:\DevelopWorkspace\java-demo\spring-leanrn\o2o-springboot)
2018-03-14 00:14:39:999 [restartedMain] INFO  com.cmy.o2o.O2oApplication - No active profile set, falling back to default profiles: default
2018-03-14 11:19:53:715 [restartedMain] INFO  com.cmy.o2o.O2oApplication - Starting O2oApplication on POQ9V6ZT6KW6JQQ with PID 3424 (E:\DevelopWorkspace\java-demo\spring-leanrn\o2o-springboot\target\classes started by Administrator in E:\DevelopWorkspace\java-demo\spring-leanrn\o2o-springboot)
2018-03-14 11:19:53:746 [restartedMain] INFO  com.cmy.o2o.O2oApplication - No active profile set, falling back to default profiles: default
2018-03-14 11:20:11:100 [restartedMain] INFO  com.cmy.o2o.O2oApplication - Started O2oApplication in 18.29 seconds (JVM running for 21.802)
2018-03-14 12:25:55:315 [main] INFO  com.cmy.o2o.O2oApplicationTests - Starting O2oApplicationTests on POQ9V6ZT6KW6JQQ with PID 6252 (started by Administrator in E:\DevelopWorkspace\java-demo\spring-leanrn\o2o-springboot)
2018-03-14 12:25:55:318 [main] INFO  com.cmy.o2o.O2oApplicationTests - No active profile set, falling back to default profiles: default
2018-03-14 12:26:01:379 [main] INFO  com.cmy.o2o.O2oApplicationTests - Started O2oApplicationTests in 7.616 seconds (JVM running for 9.732)
2018-03-14 12:33:06:240 [main] INFO  com.cmy.o2o.O2oApplicationTests - Starting O2oApplicationTests on POQ9V6ZT6KW6JQQ with PID 7452 (started by Administrator in E:\DevelopWorkspace\java-demo\spring-leanrn\o2o-springboot)
2018-03-14 12:33:06:240 [main] INFO  com.cmy.o2o.O2oApplicationTests - No active profile set, falling back to default profiles: default
2018-03-14 12:33:11:766 [main] INFO  com.cmy.o2o.O2oApplicationTests - Started O2oApplicationTests in 6.983 seconds (JVM running for 8.719)
2018-03-14 12:34:15:561 [main] INFO  com.cmy.o2o.O2oApplicationTests - Starting O2oApplicationTests on POQ9V6ZT6KW6JQQ with PID 7152 (started by Administrator in E:\DevelopWorkspace\java-demo\spring-leanrn\o2o-springboot)
2018-03-14 12:34:15:561 [main] INFO  com.cmy.o2o.O2oApplicationTests - No active profile set, falling back to default profiles: default
2018-03-14 12:34:21:575 [main] INFO  com.cmy.o2o.O2oApplicationTests - Started O2oApplicationTests in 7.111 seconds (JVM running for 9.67)
2018-03-14 12:35:21:320 [main] INFO  com.cmy.o2o.O2oApplicationTests - Starting O2oApplicationTests on POQ9V6ZT6KW6JQQ with PID 3020 (started by Administrator in E:\DevelopWorkspace\java-demo\spring-leanrn\o2o-springboot)
2018-03-14 12:35:21:321 [main] INFO  com.cmy.o2o.O2oApplicationTests - No active profile set, falling back to default profiles: default
2018-03-14 12:35:27:756 [main] INFO  com.cmy.o2o.O2oApplicationTests - Started O2oApplicationTests in 7.328 seconds (JVM running for 9.153)
2018-03-14 12:35:41:007 [main] INFO  com.cmy.o2o.O2oApplicationTests - Starting O2oApplicationTests on POQ9V6ZT6KW6JQQ with PID 648 (started by Administrator in E:\DevelopWorkspace\java-demo\spring-leanrn\o2o-springboot)
2018-03-14 12:35:41:007 [main] INFO  com.cmy.o2o.O2oApplicationTests - No active profile set, falling back to default profiles: default
2018-03-14 12:35:47:388 [main] INFO  com.cmy.o2o.O2oApplicationTests - Started O2oApplicationTests in 7.467 seconds (JVM running for 9.112)
2018-03-14 12:38:25:072 [main] INFO  com.cmy.o2o.O2oApplicationTests - Starting O2oApplicationTests on POQ9V6ZT6KW6JQQ with PID 7176 (started by Administrator in E:\DevelopWorkspace\java-demo\spring-leanrn\o2o-springboot)
2018-03-14 12:38:25:072 [main] INFO  com.cmy.o2o.O2oApplicationTests - No active profile set, falling back to default profiles: default
2018-03-14 12:38:31:894 [main] INFO  com.cmy.o2o.O2oApplicationTests - Started O2oApplicationTests in 7.855 seconds (JVM running for 9.628)
2018-03-14 12:40:06:506 [main] INFO  com.cmy.o2o.O2oApplicationTests - Starting O2oApplicationTests on POQ9V6ZT6KW6JQQ with PID 8092 (started by Administrator in E:\DevelopWorkspace\java-demo\spring-leanrn\o2o-springboot)
2018-03-14 12:40:06:506 [main] INFO  com.cmy.o2o.O2oApplicationTests - No active profile set, falling back to default profiles: default
2018-03-14 12:40:11:694 [main] INFO  com.cmy.o2o.O2oApplicationTests - Started O2oApplicationTests in 6.706 seconds (JVM running for 8.498)
2018-03-14 12:45:38:300 [main] INFO  com.cmy.o2o.O2oApplicationTests - Starting O2oApplicationTests on POQ9V6ZT6KW6JQQ with PID 7916 (started by Administrator in E:\DevelopWorkspace\java-demo\spring-leanrn\o2o-springboot)
2018-03-14 12:45:38:316 [main] INFO  com.cmy.o2o.O2oApplicationTests - No active profile set, falling back to default profiles: default
2018-03-14 12:45:44:163 [main] INFO  com.cmy.o2o.O2oApplicationTests - Started O2oApplicationTests in 6.695 seconds (JVM running for 8.416)
2018-03-14 12:46:05:061 [main] INFO  com.cmy.o2o.O2oApplicationTests - Starting O2oApplicationTests on POQ9V6ZT6KW6JQQ with PID 6640 (started by Administrator in E:\DevelopWorkspace\java-demo\spring-leanrn\o2o-springboot)
2018-03-14 12:46:05:061 [main] INFO  com.cmy.o2o.O2oApplicationTests - No active profile set, falling back to default profiles: default
2018-03-14 12:46:11:041 [main] INFO  com.cmy.o2o.O2oApplicationTests - Started O2oApplicationTests in 7.066 seconds (JVM running for 8.739)
2018-03-14 12:46:44:678 [main] INFO  com.cmy.o2o.O2oApplicationTests - Starting O2oApplicationTests on POQ9V6ZT6KW6JQQ with PID 8136 (started by Administrator in E:\DevelopWorkspace\java-demo\spring-leanrn\o2o-springboot)
2018-03-14 12:46:44:678 [main] INFO  com.cmy.o2o.O2oApplicationTests - No active profile set, falling back to default profiles: default
2018-03-14 12:46:50:475 [main] INFO  com.cmy.o2o.O2oApplicationTests - Started O2oApplicationTests in 7.055 seconds (JVM running for 8.708)
2018-03-14 12:47:38:669 [main] INFO  com.cmy.o2o.O2oApplicationTests - Starting O2oApplicationTests on POQ9V6ZT6KW6JQQ with PID 7148 (started by Administrator in E:\DevelopWorkspace\java-demo\spring-leanrn\o2o-springboot)
2018-03-14 12:47:38:684 [main] INFO  com.cmy.o2o.O2oApplicationTests - No active profile set, falling back to default profiles: default
2018-03-14 12:47:44:411 [main] INFO  com.cmy.o2o.O2oApplicationTests - Started O2oApplicationTests in 6.806 seconds (JVM running for 8.787)
2018-03-14 12:48:17:960 [main] INFO  com.cmy.o2o.O2oApplicationTests - Starting O2oApplicationTests on POQ9V6ZT6KW6JQQ with PID 1056 (started by Administrator in E:\DevelopWorkspace\java-demo\spring-leanrn\o2o-springboot)
2018-03-14 12:48:17:960 [main] INFO  com.cmy.o2o.O2oApplicationTests - No active profile set, falling back to default profiles: default
2018-03-14 12:48:23:634 [main] INFO  com.cmy.o2o.O2oApplicationTests - Started O2oApplicationTests in 6.607 seconds (JVM running for 8.272)
2018-03-14 12:49:09:438 [main] INFO  com.cmy.o2o.O2oApplicationTests - Starting O2oApplicationTests on POQ9V6ZT6KW6JQQ with PID 4640 (started by Administrator in E:\DevelopWorkspace\java-demo\spring-leanrn\o2o-springboot)
2018-03-14 12:49:09:438 [main] INFO  com.cmy.o2o.O2oApplicationTests - No active profile set, falling back to default profiles: default
2018-03-14 12:49:15:179 [main] INFO  com.cmy.o2o.O2oApplicationTests - Started O2oApplicationTests in 6.724 seconds (JVM running for 8.292)
2018-03-14 12:51:27:794 [main] INFO  com.cmy.o2o.O2oApplicationTests - Starting O2oApplicationTests on POQ9V6ZT6KW6JQQ with PID 6380 (started by Administrator in E:\DevelopWorkspace\java-demo\spring-leanrn\o2o-springboot)
2018-03-14 12:51:27:794 [main] INFO  com.cmy.o2o.O2oApplicationTests - The following profiles are active: dev
2018-03-14 12:51:34:311 [main] INFO  com.cmy.o2o.O2oApplicationTests - Started O2oApplicationTests in 7.204 seconds (JVM running for 9.139)
2018-03-14 12:51:51:120 [main] INFO  com.cmy.o2o.O2oApplicationTests - Starting O2oApplicationTests on POQ9V6ZT6KW6JQQ with PID 4984 (started by Administrator in E:\DevelopWorkspace\java-demo\spring-leanrn\o2o-springboot)
2018-03-14 12:51:51:120 [main] INFO  com.cmy.o2o.O2oApplicationTests - The following profiles are active: dev
2018-03-14 12:51:57:174 [main] INFO  com.cmy.o2o.O2oApplicationTests - Started O2oApplicationTests in 6.854 seconds (JVM running for 8.595)
2018-03-14 12:58:12:923 [main] INFO  com.cmy.o2o.O2oApplicationTests - Starting O2oApplicationTests on POQ9V6ZT6KW6JQQ with PID 7524 (started by Administrator in E:\DevelopWorkspace\java-demo\spring-leanrn\o2o-springboot)
2018-03-14 12:58:12:924 [main] INFO  com.cmy.o2o.O2oApplicationTests - The following profiles are active: dev
2018-03-14 12:58:19:580 [main] INFO  com.cmy.o2o.O2oApplicationTests - Started O2oApplicationTests in 8.031 seconds (JVM running for 9.919)
2018-03-14 13:42:02:510 [main] INFO  com.cmy.o2o.O2oApplicationTests - Starting O2oApplicationTests on POQ9V6ZT6KW6JQQ with PID 928 (started by Administrator in E:\DevelopWorkspace\java-demo\spring-leanrn\o2o-springboot)
2018-03-14 13:42:02:511 [main] INFO  com.cmy.o2o.O2oApplicationTests - The following profiles are active: dev
2018-03-14 13:42:08:224 [main] INFO  com.cmy.o2o.O2oApplicationTests - Started O2oApplicationTests in 6.237 seconds (JVM running for 9.192)
2018-03-14 13:44:23:090 [restartedMain] INFO  com.cmy.o2o.O2oApplication - Starting O2oApplication on POQ9V6ZT6KW6JQQ with PID 7640 (E:\DevelopWorkspace\java-demo\spring-leanrn\o2o-springboot\target\classes started by Administrator in E:\DevelopWorkspace\java-demo\spring-leanrn\o2o-springboot)
2018-03-14 13:44:23:090 [restartedMain] INFO  com.cmy.o2o.O2oApplication - No active profile set, falling back to default profiles: default
2018-03-14 13:44:26:989 [restartedMain] INFO  com.cmy.o2o.O2oApplication - Started O2oApplication in 4.884 seconds (JVM running for 6.403)
2018-03-14 13:50:32:047 [main] INFO  com.cmy.o2o.EncryptorTest - Starting EncryptorTest on POQ9V6ZT6KW6JQQ with PID 8012 (started by Administrator in E:\DevelopWorkspace\java-demo\spring-leanrn\o2o-springboot)
2018-03-14 13:50:32:047 [main] INFO  com.cmy.o2o.EncryptorTest - The following profiles are active: dev
2018-03-14 13:50:38:485 [main] INFO  com.cmy.o2o.EncryptorTest - Started EncryptorTest in 7.448 seconds (JVM running for 9.124)
2018-03-14 13:50:51:328 [main] INFO  com.cmy.o2o.EncryptorTest - Starting EncryptorTest on POQ9V6ZT6KW6JQQ with PID 7692 (started by Administrator in E:\DevelopWorkspace\java-demo\spring-leanrn\o2o-springboot)
2018-03-14 13:50:51:328 [main] INFO  com.cmy.o2o.EncryptorTest - No active profile set, falling back to default profiles: default
2018-03-14 13:50:57:332 [main] INFO  com.cmy.o2o.EncryptorTest - Started EncryptorTest in 6.958 seconds (JVM running for 8.958)
2018-03-14 13:52:42:761 [main] INFO  com.cmy.o2o.O2oApplicationTests - Starting O2oApplicationTests on POQ9V6ZT6KW6JQQ with PID 3688 (started by Administrator in E:\DevelopWorkspace\java-demo\spring-leanrn\o2o-springboot)
2018-03-14 13:52:42:777 [main] INFO  com.cmy.o2o.O2oApplicationTests - The following profiles are active: dev
2018-03-14 13:52:48:164 [main] INFO  com.cmy.o2o.O2oApplicationTests - Started O2oApplicationTests in 6.495 seconds (JVM running for 8.468)
2018-03-14 13:52:55:564 [restartedMain] INFO  com.cmy.o2o.O2oApplication - Starting O2oApplication on POQ9V6ZT6KW6JQQ with PID 7536 (E:\DevelopWorkspace\java-demo\spring-leanrn\o2o-springboot\target\classes started by Administrator in E:\DevelopWorkspace\java-demo\spring-leanrn\o2o-springboot)
2018-03-14 13:52:55:564 [restartedMain] INFO  com.cmy.o2o.O2oApplication - The following profiles are active: dev
2018-03-14 13:53:00:006 [restartedMain] INFO  com.cmy.o2o.O2oApplication - Started O2oApplication in 5.097 seconds (JVM running for 6.488)
2018-03-14 13:54:37:663 [main] INFO  com.cmy.o2o.EncryptorTest - Starting EncryptorTest on POQ9V6ZT6KW6JQQ with PID 3932 (started by Administrator in E:\DevelopWorkspace\java-demo\spring-leanrn\o2o-springboot)
2018-03-14 13:54:37:663 [main] INFO  com.cmy.o2o.EncryptorTest - The following profiles are active: dev
2018-03-14 13:54:43:922 [main] INFO  com.cmy.o2o.EncryptorTest - Started EncryptorTest in 7.367 seconds (JVM running for 10.236)
2018-03-14 13:56:28:101 [main] INFO  com.cmy.o2o.EncryptorTest - Starting EncryptorTest on POQ9V6ZT6KW6JQQ with PID 8048 (started by Administrator in E:\DevelopWorkspace\java-demo\spring-leanrn\o2o-springboot)
2018-03-14 13:56:28:101 [main] INFO  com.cmy.o2o.EncryptorTest - The following profiles are active: dev
2018-03-14 13:56:34:056 [main] INFO  com.cmy.o2o.EncryptorTest - Started EncryptorTest in 6.688 seconds (JVM running for 8.576)
2018-03-14 13:57:12:458 [restartedMain] INFO  com.cmy.o2o.O2oApplication - Starting O2oApplication on POQ9V6ZT6KW6JQQ with PID 5316 (E:\DevelopWorkspace\java-demo\spring-leanrn\o2o-springboot\target\classes started by Administrator in E:\DevelopWorkspace\java-demo\spring-leanrn\o2o-springboot)
2018-03-14 13:57:12:473 [restartedMain] INFO  com.cmy.o2o.O2oApplication - The following profiles are active: dev
2018-03-14 13:57:16:498 [restartedMain] INFO  com.cmy.o2o.O2oApplication - Started O2oApplication in 4.54 seconds (JVM running for 5.914)
2018-03-14 14:07:32:222 [restartedMain] INFO  com.cmy.o2o.O2oApplication - Starting O2oApplication on POQ9V6ZT6KW6JQQ with PID 6320 (E:\DevelopWorkspace\java-demo\spring-leanrn\o2o-springboot\target\classes started by Administrator in E:\DevelopWorkspace\java-demo\spring-leanrn\o2o-springboot)
2018-03-14 14:07:32:222 [restartedMain] INFO  com.cmy.o2o.O2oApplication - The following profiles are active: dev
2018-03-14 14:08:17:509 [restartedMain] INFO  com.cmy.o2o.O2oApplication - Starting O2oApplication on POQ9V6ZT6KW6JQQ with PID 2684 (E:\DevelopWorkspace\java-demo\spring-leanrn\o2o-springboot\target\classes started by Administrator in E:\DevelopWorkspace\java-demo\spring-leanrn\o2o-springboot)
2018-03-14 14:08:17:524 [restartedMain] INFO  com.cmy.o2o.O2oApplication - The following profiles are active: dev
2018-03-14 14:08:22:289 [restartedMain] INFO  com.cmy.o2o.O2oApplication - Started O2oApplication in 5.338 seconds (JVM running for 6.639)
2018-03-14 14:09:16:228 [restartedMain] INFO  com.cmy.o2o.O2oApplication - Starting O2oApplication on POQ9V6ZT6KW6JQQ with PID 2684 (E:\DevelopWorkspace\java-demo\spring-leanrn\o2o-springboot\target\classes started by Administrator in E:\DevelopWorkspace\java-demo\spring-leanrn\o2o-springboot)
2018-03-14 14:09:16:228 [restartedMain] INFO  com.cmy.o2o.O2oApplication - The following profiles are active: dev
2018-03-14 14:09:18:210 [main] INFO  com.cmy.o2o.EncryptorTest - Starting EncryptorTest on POQ9V6ZT6KW6JQQ with PID 8164 (started by Administrator in E:\DevelopWorkspace\java-demo\spring-leanrn\o2o-springboot)
2018-03-14 14:09:18:210 [main] INFO  com.cmy.o2o.EncryptorTest - The following profiles are active: dev
2018-03-14 14:09:57:715 [main] INFO  com.cmy.o2o.EncryptorTest - Starting EncryptorTest on POQ9V6ZT6KW6JQQ with PID 4704 (started by Administrator in E:\DevelopWorkspace\java-demo\spring-leanrn\o2o-springboot)
2018-03-14 14:09:57:731 [main] INFO  com.cmy.o2o.EncryptorTest - The following profiles are active: dev
2018-03-14 14:12:19:614 [main] INFO  com.cmy.o2o.O2oApplicationTests - Starting O2oApplicationTests on POQ9V6ZT6KW6JQQ with PID 2448 (started by Administrator in E:\DevelopWorkspace\java-demo\spring-leanrn\o2o-springboot)
2018-03-14 14:12:19:614 [main] INFO  com.cmy.o2o.O2oApplicationTests - The following profiles are active: dev
2018-03-14 14:15:38:150 [main] INFO  com.cmy.o2o.O2oApplicationTests - Starting O2oApplicationTests on POQ9V6ZT6KW6JQQ with PID 3520 (started by Administrator in E:\DevelopWorkspace\java-demo\spring-leanrn\o2o-springboot)
2018-03-14 14:15:38:150 [main] INFO  com.cmy.o2o.O2oApplicationTests - The following profiles are active: dev
2018-03-14 14:16:53:655 [main] INFO  com.cmy.o2o.O2oApplicationTests - Starting O2oApplicationTests on POQ9V6ZT6KW6JQQ with PID 7760 (started by Administrator in E:\DevelopWorkspace\java-demo\spring-leanrn\o2o-springboot)
2018-03-14 14:16:53:655 [main] INFO  com.cmy.o2o.O2oApplicationTests - The following profiles are active: dev
2018-03-14 14:16:58:716 [main] INFO  com.cmy.o2o.O2oApplicationTests - Started O2oApplicationTests in 6.481 seconds (JVM running for 8.037)
2018-03-14 14:20:35:413 [main] INFO  com.cmy.o2o.EncryptorTest - Starting EncryptorTest on POQ9V6ZT6KW6JQQ with PID 3108 (started by Administrator in E:\DevelopWorkspace\java-demo\spring-leanrn\o2o-springboot)
2018-03-14 14:20:35:475 [main] INFO  com.cmy.o2o.EncryptorTest - The following profiles are active: dev
2018-03-14 14:20:42:445 [main] INFO  com.cmy.o2o.EncryptorTest - Started EncryptorTest in 7.864 seconds (JVM running for 9.696)
2018-03-14 14:21:04:509 [restartedMain] INFO  com.cmy.o2o.O2oApplication - Starting O2oApplication on POQ9V6ZT6KW6JQQ with PID 1280 (E:\DevelopWorkspace\java-demo\spring-leanrn\o2o-springboot\target\classes started by Administrator in E:\DevelopWorkspace\java-demo\spring-leanrn\o2o-springboot)
2018-03-14 14:21:04:509 [restartedMain] INFO  com.cmy.o2o.O2oApplication - The following profiles are active: dev
2018-03-14 14:21:08:733 [restartedMain] INFO  com.cmy.o2o.O2oApplication - Started O2oApplication in 4.843 seconds (JVM running for 6.22)
2018-03-14 14:21:29:637 [main] INFO  com.cmy.o2o.O2oApplicationTests - Starting O2oApplicationTests on POQ9V6ZT6KW6JQQ with PID 3016 (started by Administrator in E:\DevelopWorkspace\java-demo\spring-leanrn\o2o-springboot)
2018-03-14 14:21:29:637 [main] INFO  com.cmy.o2o.O2oApplicationTests - The following profiles are active: dev
2018-03-14 14:21:35:562 [main] INFO  com.cmy.o2o.O2oApplicationTests - Started O2oApplicationTests in 6.924 seconds (JVM running for 8.557)
2018-03-14 14:21:48:552 [main] INFO  com.cmy.o2o.O2oApplicationTests - Starting O2oApplicationTests on POQ9V6ZT6KW6JQQ with PID 5000 (started by Administrator in E:\DevelopWorkspace\java-demo\spring-leanrn\o2o-springboot)
2018-03-14 14:21:48:552 [main] INFO  com.cmy.o2o.O2oApplicationTests - No active profile set, falling back to default profiles: default
2018-03-14 14:21:53:845 [main] INFO  com.cmy.o2o.O2oApplicationTests - Started O2oApplicationTests in 6.478 seconds (JVM running for 8.313)
2018-03-14 14:22:05:949 [restartedMain] INFO  com.cmy.o2o.O2oApplication - Starting O2oApplication on POQ9V6ZT6KW6JQQ with PID 7664 (E:\DevelopWorkspace\java-demo\spring-leanrn\o2o-springboot\target\classes started by Administrator in E:\DevelopWorkspace\java-demo\spring-leanrn\o2o-springboot)
2018-03-14 14:22:05:949 [restartedMain] INFO  com.cmy.o2o.O2oApplication - No active profile set, falling back to default profiles: default
2018-03-14 14:22:09:717 [restartedMain] INFO  com.cmy.o2o.O2oApplication - Started O2oApplication in 4.502 seconds (JVM running for 5.855)
2018-03-14 14:22:21:355 [main] INFO  com.cmy.o2o.EncryptorTest - Starting EncryptorTest on POQ9V6ZT6KW6JQQ with PID 6608 (started by Administrator in E:\DevelopWorkspace\java-demo\spring-leanrn\o2o-springboot)
2018-03-14 14:22:21:355 [main] INFO  com.cmy.o2o.EncryptorTest - No active profile set, falling back to default profiles: default
2018-03-14 14:22:26:784 [main] INFO  com.cmy.o2o.EncryptorTest - Started EncryptorTest in 6.444 seconds (JVM running for 8.033)
2018-03-14 14:22:37:143 [restartedMain] INFO  com.cmy.o2o.O2oApplication - Starting O2oApplication on POQ9V6ZT6KW6JQQ with PID 3804 (E:\DevelopWorkspace\java-demo\spring-leanrn\o2o-springboot\target\classes started by Administrator in E:\DevelopWorkspace\java-demo\spring-leanrn\o2o-springboot)
2018-03-14 14:22:37:143 [restartedMain] INFO  com.cmy.o2o.O2oApplication - No active profile set, falling back to default profiles: default
2018-03-14 14:22:41:179 [restartedMain] INFO  com.cmy.o2o.O2oApplication - Started O2oApplication in 4.535 seconds (JVM running for 5.802)
2018-03-14 14:24:06:059 [restartedMain] INFO  com.cmy.o2o.O2oApplication - Starting O2oApplication on POQ9V6ZT6KW6JQQ with PID 3456 (E:\DevelopWorkspace\java-demo\spring-leanrn\o2o-springboot\target\classes started by Administrator in E:\DevelopWorkspace\java-demo\spring-leanrn\o2o-springboot)
2018-03-14 14:24:06:059 [restartedMain] INFO  com.cmy.o2o.O2oApplication - No active profile set, falling back to default profiles: default
2018-03-14 14:24:45:716 [restartedMain] INFO  com.cmy.o2o.O2oApplication - Starting O2oApplication on POQ9V6ZT6KW6JQQ with PID 1420 (E:\DevelopWorkspace\java-demo\spring-leanrn\o2o-springboot\target\classes started by Administrator in E:\DevelopWorkspace\java-demo\spring-leanrn\o2o-springboot)
2018-03-14 14:24:45:716 [restartedMain] INFO  com.cmy.o2o.O2oApplication - No active profile set, falling back to default profiles: default
2018-03-14 14:24:49:587 [restartedMain] INFO  com.cmy.o2o.O2oApplication - Started O2oApplication in 4.574 seconds (JVM running for 6.176)
2018-03-14 14:26:34:633 [restartedMain] INFO  com.cmy.o2o.O2oApplication - Starting O2oApplication on POQ9V6ZT6KW6JQQ with PID 1036 (E:\DevelopWorkspace\java-demo\spring-leanrn\o2o-springboot\target\classes started by Administrator in E:\DevelopWorkspace\java-demo\spring-leanrn\o2o-springboot)
2018-03-14 14:26:34:648 [restartedMain] INFO  com.cmy.o2o.O2oApplication - The following profiles are active: dev
2018-03-14 14:27:07:992 [restartedMain] INFO  com.cmy.o2o.O2oApplication - Starting O2oApplication on POQ9V6ZT6KW6JQQ with PID 7840 (E:\DevelopWorkspace\java-demo\spring-leanrn\o2o-springboot\target\classes started by Administrator in E:\DevelopWorkspace\java-demo\spring-leanrn\o2o-springboot)
2018-03-14 14:27:07:992 [restartedMain] INFO  com.cmy.o2o.O2oApplication - The following profiles are active: dev
2018-03-14 14:27:37:538 [main] INFO  com.cmy.o2o.EncryptorTest - Starting EncryptorTest on POQ9V6ZT6KW6JQQ with PID 2380 (started by Administrator in E:\DevelopWorkspace\java-demo\spring-leanrn\o2o-springboot)
2018-03-14 14:27:37:538 [main] INFO  com.cmy.o2o.EncryptorTest - The following profiles are active: dev
2018-03-14 14:28:33:440 [main] INFO  com.cmy.o2o.EncryptorTest - Starting EncryptorTest on POQ9V6ZT6KW6JQQ with PID 5724 (started by Administrator in E:\DevelopWorkspace\java-demo\spring-leanrn\o2o-springboot)
2018-03-14 14:28:33:440 [main] INFO  com.cmy.o2o.EncryptorTest - The following profiles are active: dev
2018-03-14 14:28:54:108 [main] INFO  com.cmy.o2o.EncryptorTest - Starting EncryptorTest on POQ9V6ZT6KW6JQQ with PID 7276 (started by Administrator in E:\DevelopWorkspace\java-demo\spring-leanrn\o2o-springboot)
2018-03-14 14:28:54:124 [main] INFO  com.cmy.o2o.EncryptorTest - The following profiles are active: dev
2018-03-14 14:29:59:820 [main] INFO  com.cmy.o2o.O2oApplicationTests - Starting O2oApplicationTests on POQ9V6ZT6KW6JQQ with PID 3016 (started by Administrator in E:\DevelopWorkspace\java-demo\spring-leanrn\o2o-springboot)
2018-03-14 14:29:59:820 [main] INFO  com.cmy.o2o.O2oApplicationTests - The following profiles are active: dev
2018-03-14 14:30:38:204 [restartedMain] INFO  com.cmy.o2o.O2oApplication - Starting O2oApplication on POQ9V6ZT6KW6JQQ with PID 1120 (E:\DevelopWorkspace\java-demo\spring-leanrn\o2o-springboot\target\classes started by Administrator in E:\DevelopWorkspace\java-demo\spring-leanrn\o2o-springboot)
2018-03-14 14:30:38:204 [restartedMain] INFO  com.cmy.o2o.O2oApplication - The following profiles are active: dev
2018-03-14 14:30:42:380 [restartedMain] INFO  com.cmy.o2o.O2oApplication - Started O2oApplication in 4.773 seconds (JVM running for 6.428)
2018-03-14 14:30:52:015 [main] INFO  com.cmy.o2o.O2oApplicationTests - Starting O2oApplicationTests on POQ9V6ZT6KW6JQQ with PID 2988 (started by Administrator in E:\DevelopWorkspace\java-demo\spring-leanrn\o2o-springboot)
2018-03-14 14:30:52:015 [main] INFO  com.cmy.o2o.O2oApplicationTests - The following profiles are active: dev
2018-03-14 14:30:58:702 [main] INFO  com.cmy.o2o.O2oApplicationTests - Started O2oApplicationTests in 7.482 seconds (JVM running for 9.378)
2018-03-14 14:31:11:260 [main] INFO  com.cmy.o2o.EncryptorTest - Starting EncryptorTest on POQ9V6ZT6KW6JQQ with PID 6752 (started by Administrator in E:\DevelopWorkspace\java-demo\spring-leanrn\o2o-springboot)
2018-03-14 14:31:11:260 [main] INFO  com.cmy.o2o.EncryptorTest - The following profiles are active: dev
2018-03-14 14:31:17:604 [main] INFO  com.cmy.o2o.EncryptorTest - Started EncryptorTest in 7.203 seconds (JVM running for 8.84)
2018-03-14 14:38:10:343 [main] INFO  com.cmy.o2o.EncryptorTest - Starting EncryptorTest on POQ9V6ZT6KW6JQQ with PID 3920 (started by Administrator in E:\DevelopWorkspace\java-demo\spring-leanrn\o2o-springboot)
2018-03-14 14:38:10:344 [main] INFO  com.cmy.o2o.EncryptorTest - The following profiles are active: dev
2018-03-14 14:38:16:279 [main] INFO  com.cmy.o2o.EncryptorTest - Started EncryptorTest in 7.39 seconds (JVM running for 9.043)
2018-03-14 14:38:30:315 [restartedMain] INFO  com.cmy.o2o.O2oApplication - Starting O2oApplication on POQ9V6ZT6KW6JQQ with PID 3656 (E:\DevelopWorkspace\java-demo\spring-leanrn\o2o-springboot\target\classes started by Administrator in E:\DevelopWorkspace\java-demo\spring-leanrn\o2o-springboot)
2018-03-14 14:38:30:315 [restartedMain] INFO  com.cmy.o2o.O2oApplication - The following profiles are active: dev
2018-03-14 14:38:34:676 [restartedMain] INFO  com.cmy.o2o.O2oApplication - Started O2oApplication in 5.563 seconds (JVM running for 6.988)
2018-03-14 14:38:40:298 [main] INFO  com.cmy.o2o.O2oApplicationTests - Starting O2oApplicationTests on POQ9V6ZT6KW6JQQ with PID 868 (started by Administrator in E:\DevelopWorkspace\java-demo\spring-leanrn\o2o-springboot)
2018-03-14 14:38:40:298 [main] INFO  com.cmy.o2o.O2oApplicationTests - The following profiles are active: dev
2018-03-14 14:38:47:523 [main] INFO  com.cmy.o2o.O2oApplicationTests - Started O2oApplicationTests in 8.27 seconds (JVM running for 10.239)
2018-03-14 14:41:31:182 [main] INFO  com.cmy.o2o.EncryptorTest - Starting EncryptorTest on POQ9V6ZT6KW6JQQ with PID 5676 (started by Administrator in E:\DevelopWorkspace\java-demo\spring-leanrn\o2o-springboot)
2018-03-14 14:41:31:182 [main] INFO  com.cmy.o2o.EncryptorTest - The following profiles are active: dev
2018-03-14 14:41:37:740 [main] INFO  com.cmy.o2o.EncryptorTest - Started EncryptorTest in 7.869 seconds (JVM running for 9.646)
2018-03-14 14:57:39:771 [restartedMain] INFO  com.cmy.o2o.O2oApplication - Starting O2oApplication on POQ9V6ZT6KW6JQQ with PID 3804 (E:\DevelopWorkspace\java-demo\spring-leanrn\o2o-springboot\target\classes started by Administrator in E:\DevelopWorkspace\java-demo\spring-leanrn\o2o-springboot)
2018-03-14 14:57:39:777 [restartedMain] INFO  com.cmy.o2o.O2oApplication - The following profiles are active: dev
2018-03-14 14:57:45:151 [restartedMain] INFO  com.cmy.o2o.O2oApplication - Started O2oApplication in 5.977 seconds (JVM running for 8.02)
2018-03-14 15:00:38:299 [restartedMain] INFO  com.cmy.o2o.O2oApplication - Starting O2oApplication on POQ9V6ZT6KW6JQQ with PID 1052 (E:\DevelopWorkspace\java-demo\spring-leanrn\o2o-springboot\target\classes started by Administrator in E:\DevelopWorkspace\java-demo\spring-leanrn\o2o-springboot)
2018-03-14 15:00:38:299 [restartedMain] INFO  com.cmy.o2o.O2oApplication - The following profiles are active: dev
2018-03-14 15:00:42:912 [restartedMain] INFO  com.cmy.o2o.O2oApplication - Started O2oApplication in 5.176 seconds (JVM running for 6.883)
2018-03-14 15:02:33:050 [restartedMain] INFO  com.cmy.o2o.O2oApplication - Starting O2oApplication on POQ9V6ZT6KW6JQQ with PID 7144 (E:\DevelopWorkspace\java-demo\spring-leanrn\o2o-springboot\target\classes started by Administrator in E:\DevelopWorkspace\java-demo\spring-leanrn\o2o-springboot)
2018-03-14 15:02:33:055 [restartedMain] INFO  com.cmy.o2o.O2oApplication - The following profiles are active: dev
2018-03-14 15:02:37:514 [restartedMain] INFO  com.cmy.o2o.O2oApplication - Started O2oApplication in 5.038 seconds (JVM running for 6.537)
2018-03-14 15:05:27:657 [restartedMain] INFO  com.cmy.o2o.O2oApplication - Starting O2oApplication on POQ9V6ZT6KW6JQQ with PID 8856 (E:\DevelopWorkspace\java-demo\spring-leanrn\o2o-springboot\target\classes started by Administrator in E:\DevelopWorkspace\java-demo\spring-leanrn\o2o-springboot)
2018-03-14 15:05:27:657 [restartedMain] INFO  com.cmy.o2o.O2oApplication - The following profiles are active: dev
2018-03-14 15:05:33:326 [restartedMain] INFO  com.cmy.o2o.O2oApplication - Started O2oApplication in 6.358 seconds (JVM running for 9.241)
2018-03-14 15:10:33:219 [restartedMain] INFO  com.cmy.o2o.O2oApplication - Starting O2oApplication on POQ9V6ZT6KW6JQQ with PID 1848 (E:\DevelopWorkspace\java-demo\spring-leanrn\o2o-springboot\target\classes started by Administrator in E:\DevelopWorkspace\java-demo\spring-leanrn\o2o-springboot)
2018-03-14 15:10:33:224 [restartedMain] INFO  com.cmy.o2o.O2oApplication - The following profiles are active: dev
2018-03-14 15:10:38:679 [restartedMain] INFO  com.cmy.o2o.O2oApplication - Started O2oApplication in 6.147 seconds (JVM running for 7.984)
2018-03-14 15:20:19:585 [restartedMain] INFO  com.cmy.o2o.O2oApplication - Starting O2oApplication on POQ9V6ZT6KW6JQQ with PID 4292 (E:\DevelopWorkspace\java-demo\spring-leanrn\o2o-springboot\target\classes started by Administrator in E:\DevelopWorkspace\java-demo\spring-leanrn\o2o-springboot)
2018-03-14 15:20:19:595 [restartedMain] INFO  com.cmy.o2o.O2oApplication - The following profiles are active: dev
2018-03-14 15:20:25:310 [restartedMain] INFO  com.cmy.o2o.O2oApplication - Started O2oApplication in 6.074 seconds (JVM running for 10.022)
2018-03-14 15:22:24:159 [restartedMain] INFO  com.cmy.o2o.O2oApplication - Starting O2oApplication on POQ9V6ZT6KW6JQQ with PID 8836 (E:\DevelopWorkspace\java-demo\spring-leanrn\o2o-springboot\target\classes started by Administrator in E:\DevelopWorkspace\java-demo\spring-leanrn\o2o-springboot)
2018-03-14 15:22:24:159 [restartedMain] INFO  com.cmy.o2o.O2oApplication - The following profiles are active: dev
2018-03-14 15:22:29:949 [restartedMain] INFO  com.cmy.o2o.O2oApplication - Started O2oApplication in 6.325 seconds (JVM running for 9.23)
2018-03-14 15:36:34:805 [restartedMain] INFO  com.cmy.o2o.O2oApplication - Starting O2oApplication on POQ9V6ZT6KW6JQQ with PID 6688 (E:\DevelopWorkspace\java-demo\spring-leanrn\o2o-springboot\target\classes started by Administrator in E:\DevelopWorkspace\java-demo\spring-leanrn\o2o-springboot)
2018-03-14 15:36:34:815 [restartedMain] INFO  com.cmy.o2o.O2oApplication - The following profiles are active: dev
2018-03-14 15:36:39:431 [restartedMain] INFO  com.cmy.o2o.O2oApplication - Started O2oApplication in 5.18 seconds (JVM running for 6.653)
2018-03-14 15:53:52:660 [restartedMain] INFO  com.cmy.o2o.O2oApplication - Starting O2oApplication on POQ9V6ZT6KW6JQQ with PID 8704 (E:\DevelopWorkspace\java-demo\spring-leanrn\o2o-springboot\target\classes started by Administrator in E:\DevelopWorkspace\java-demo\spring-leanrn\o2o-springboot)
2018-03-14 15:53:52:666 [restartedMain] INFO  com.cmy.o2o.O2oApplication - The following profiles are active: dev
2018-03-14 15:54:03:462 [restartedMain] INFO  com.cmy.o2o.O2oApplication - Starting O2oApplication on POQ9V6ZT6KW6JQQ with PID 8516 (E:\DevelopWorkspace\java-demo\spring-leanrn\o2o-springboot\target\classes started by Administrator in E:\DevelopWorkspace\java-demo\spring-leanrn\o2o-springboot)
2018-03-14 15:54:03:468 [restartedMain] INFO  com.cmy.o2o.O2oApplication - The following profiles are active: dev
2018-03-14 15:54:09:186 [restartedMain] INFO  com.cmy.o2o.O2oApplication - Started O2oApplication in 6.564 seconds (JVM running for 8.286)
